2021-12-03 15:34:33 - ERROR - InvalidSecretKey in 0 on line 0
2021-12-03 15:34:33 - ERROR - "GET / HTTP/1.1" 500 977564
2021-12-03 15:34:37 - ERROR - InvalidSecretKey in 0 on line 0
2021-12-03 15:34:37 - ERROR - "GET / HTTP/1.1" 500 977564
2021-12-03 15:34:55 - INFO - "GET / HTTP/1.1" 200 1219
2021-12-03 15:34:55 - INFO - "GET /static/style.css HTTP/1.1" 200 648
2021-12-03 15:34:55 - INFO - "GET /favicon.ico HTTP/1.1" 200 1739
2021-12-03 15:59:47 - WARNING - Python-dotenv could not parse statement starting at line 19
2021-12-03 15:59:47 - WARNING - Python-dotenv could not parse statement starting at line 21
2021-12-03 15:59:47 - WARNING - Python-dotenv could not parse statement starting at line 22
2021-12-03 15:59:47 - WARNING - Python-dotenv could not parse statement starting at line 23
2021-12-03 15:59:47 - WARNING - Python-dotenv could not parse statement starting at line 24
2021-12-03 15:59:47 - WARNING - Python-dotenv could not parse statement starting at line 25
2021-12-03 15:59:47 - WARNING - Python-dotenv could not parse statement starting at line 26
2021-12-03 16:05:38 - WARNING - Python-dotenv could not parse statement starting at line 19
2021-12-03 16:05:38 - WARNING - Python-dotenv could not parse statement starting at line 21
2021-12-03 16:05:38 - WARNING - Python-dotenv could not parse statement starting at line 22
2021-12-03 16:05:38 - WARNING - Python-dotenv could not parse statement starting at line 23
2021-12-03 16:05:38 - WARNING - Python-dotenv could not parse statement starting at line 24
2021-12-03 16:05:38 - WARNING - Python-dotenv could not parse statement starting at line 25
2021-12-03 16:05:38 - WARNING - Python-dotenv could not parse statement starting at line 26
2021-12-03 16:34:54 - INFO - "GET / HTTP/1.1" 200 1219
2021-12-03 16:34:54 - INFO - "GET /static/style.css HTTP/1.1" 304 0
2021-12-03 16:34:54 - INFO - "GET / HTTP/1.1" 200 1219
2021-12-03 16:34:54 - WARNING - "GET /1 HTTP/1.1" 404 1536
2021-12-03 16:34:54 - WARNING - "GET /2 HTTP/1.1" 404 1536
2021-12-03 16:37:04 - WARNING - "GET /2 HTTP/1.1" 404 1536
2021-12-03 16:37:04 - INFO - "GET /favicon.ico HTTP/1.1" 304 0
2021-12-03 16:37:04 - WARNING - "GET /1 HTTP/1.1" 404 1536
2021-12-03 16:37:04 - WARNING - Python-dotenv could not parse statement starting at line 19
2021-12-03 16:37:04 - WARNING - Python-dotenv could not parse statement starting at line 21
2021-12-03 16:37:04 - WARNING - Python-dotenv could not parse statement starting at line 22
2021-12-03 16:37:04 - WARNING - Python-dotenv could not parse statement starting at line 23
2021-12-03 16:37:04 - WARNING - Python-dotenv could not parse statement starting at line 24
2021-12-03 16:37:04 - WARNING - Python-dotenv could not parse statement starting at line 25
2021-12-03 16:37:04 - WARNING - Python-dotenv could not parse statement starting at line 26
2021-12-03 16:37:04 - INFO - "GET /todos/1 HTTP/1.1" 200 147
2021-12-03 16:37:04 - INFO - "GET /todos/ HTTP/1.1" 200 433
2021-12-03 16:44:05 - WARNING - Python-dotenv could not parse statement starting at line 19
2021-12-03 16:44:05 - WARNING - Python-dotenv could not parse statement starting at line 21
2021-12-03 16:44:05 - WARNING - Python-dotenv could not parse statement starting at line 22
2021-12-03 16:44:05 - WARNING - Python-dotenv could not parse statement starting at line 23
2021-12-03 16:44:05 - WARNING - Python-dotenv could not parse statement starting at line 24
2021-12-03 16:44:05 - WARNING - Python-dotenv could not parse statement starting at line 25
2021-12-03 16:44:05 - WARNING - Python-dotenv could not parse statement starting at line 26
2021-12-03 16:44:05 - INFO - "GET /todos HTTP/1.1" 200 433
2021-12-03 16:44:05 - INFO - "POST /todos HTTP/1.1" 200 141
2021-12-03 16:49:11 - WARNING - Python-dotenv could not parse statement starting at line 19
2021-12-03 16:49:11 - WARNING - Python-dotenv could not parse statement starting at line 21
2021-12-03 16:49:11 - WARNING - Python-dotenv could not parse statement starting at line 22
2021-12-03 16:49:11 - WARNING - Python-dotenv could not parse statement starting at line 23
2021-12-03 16:49:11 - WARNING - Python-dotenv could not parse statement starting at line 24
2021-12-03 16:49:11 - WARNING - Python-dotenv could not parse statement starting at line 25
2021-12-03 16:49:11 - WARNING - Python-dotenv could not parse statement starting at line 26
2021-12-03 16:49:11 - INFO - "PUT /todos/4 HTTP/1.1" 200 148
2021-12-03 16:56:12 - WARNING - Python-dotenv could not parse statement starting at line 19
2021-12-03 16:56:12 - WARNING - Python-dotenv could not parse statement starting at line 21
2021-12-03 16:56:12 - WARNING - Python-dotenv could not parse statement starting at line 22
2021-12-03 16:56:12 - WARNING - Python-dotenv could not parse statement starting at line 23
2021-12-03 16:56:12 - WARNING - Python-dotenv could not parse statement starting at line 24
2021-12-03 16:56:12 - WARNING - Python-dotenv could not parse statement starting at line 25
2021-12-03 16:56:12 - WARNING - Python-dotenv could not parse statement starting at line 26
2021-12-03 16:56:12 - INFO - "DELETE /todos/4 HTTP/1.1" 200 148
